2018-05-03 00:00:01,038 INFO 2800 [egg-logrotator] app logger reload: got log-reload message
2018-05-03 10:14:56,185 INFO 7160 [egg:logger] init all loggers with options: {"dir":"E:\\nodejs\\task-server\\logs\\task-server","encoding":"utf8","env":"local","level":"INFO","consoleLevel":"INFO","disableConsoleAfterReady":false,"outputJSON":false,"buffer":true,"appLogName":"task-server-web.log","coreLogName":"egg-web.log","agentLogName":"egg-agent.log","errorLogName":"common-error.log","coreLogger":{"consoleLevel":"WARN"},"allowDebugAtProd":true,"type":"application"}
2018-05-03 10:14:56,233 INFO 7160 [egg-schedule]: register schedule E:\nodejs\task-server\node_modules\egg-logrotator\app\schedule\clean_log.js
2018-05-03 10:14:56,233 INFO 7160 [egg-schedule]: register schedule E:\nodejs\task-server\node_modules\egg-logrotator\app\schedule\rotate_by_file.js
2018-05-03 10:14:56,247 INFO 7160 [egg-mysql] connecting root@localhost:3306/social_practice_management
2018-05-03 10:14:56,521 INFO 7160 [egg-static] starting static serve /public/ -> E:\nodejs\task-server\app\public
2018-05-03 10:14:56,524 INFO 7160 [egg-security] use methodnoallow middleware
2018-05-03 10:14:56,525 INFO 7160 [egg-security] use noopen middleware
2018-05-03 10:14:56,526 INFO 7160 [egg-security] use nosniff middleware
2018-05-03 10:14:56,526 INFO 7160 [egg-security] use xssProtection middleware
2018-05-03 10:14:56,526 INFO 7160 [egg-security] use xframe middleware
2018-05-03 10:14:56,527 INFO 7160 [egg-security] use dta middleware
2018-05-03 10:14:56,527 INFO 7160 [egg-security] compose 6 middlewares into one security middleware
2018-05-03 10:14:56,561 INFO 7160 [egg-watcher:app] watcher start success
2018-05-03 10:14:56,562 INFO 7160 [egg-mysql] instance[0] status OK, rds currentTime: Thu May 03 2018 10:14:56 GMT+0800 (中国标准时间)
2018-05-03 10:41:29,418 INFO 4340 [egg:logger] init all loggers with options: {"dir":"E:\\nodejs\\task-server\\logs\\task-server","encoding":"utf8","env":"local","level":"INFO","consoleLevel":"INFO","disableConsoleAfterReady":false,"outputJSON":false,"buffer":true,"appLogName":"task-server-web.log","coreLogName":"egg-web.log","agentLogName":"egg-agent.log","errorLogName":"common-error.log","coreLogger":{"consoleLevel":"WARN"},"allowDebugAtProd":true,"type":"application"}
2018-05-03 10:41:29,453 INFO 4340 [egg-schedule]: register schedule E:\nodejs\task-server\node_modules\egg-logrotator\app\schedule\clean_log.js
2018-05-03 10:41:29,453 INFO 4340 [egg-schedule]: register schedule E:\nodejs\task-server\node_modules\egg-logrotator\app\schedule\rotate_by_file.js
2018-05-03 10:41:29,465 INFO 4340 [egg-mysql] connecting root@localhost:3306/social_practice_management
2018-05-03 10:41:29,554 INFO 4340 [egg-static] starting static serve /public/ -> E:\nodejs\task-server\app\public
2018-05-03 10:41:29,556 INFO 4340 [egg-security] use methodnoallow middleware
2018-05-03 10:41:29,556 INFO 4340 [egg-security] use noopen middleware
2018-05-03 10:41:29,556 INFO 4340 [egg-security] use nosniff middleware
2018-05-03 10:41:29,557 INFO 4340 [egg-security] use xssProtection middleware
2018-05-03 10:41:29,557 INFO 4340 [egg-security] use xframe middleware
2018-05-03 10:41:29,557 INFO 4340 [egg-security] use dta middleware
2018-05-03 10:41:29,557 INFO 4340 [egg-security] compose 6 middlewares into one security middleware
2018-05-03 10:41:29,580 INFO 4340 [egg-watcher:app] watcher start success
2018-05-03 10:41:29,583 INFO 4340 [egg-mysql] instance[0] status OK, rds currentTime: Thu May 03 2018 10:41:29 GMT+0800 (中国标准时间)
2018-05-03 10:43:14,288 INFO 4584 [egg:logger] init all loggers with options: {"dir":"E:\\nodejs\\task-server\\logs\\task-server","encoding":"utf8","env":"local","level":"INFO","consoleLevel":"INFO","disableConsoleAfterReady":false,"outputJSON":false,"buffer":true,"appLogName":"task-server-web.log","coreLogName":"egg-web.log","agentLogName":"egg-agent.log","errorLogName":"common-error.log","coreLogger":{"consoleLevel":"WARN"},"allowDebugAtProd":true,"type":"application"}
2018-05-03 10:43:14,323 INFO 4584 [egg-schedule]: register schedule E:\nodejs\task-server\node_modules\egg-logrotator\app\schedule\clean_log.js
2018-05-03 10:43:14,323 INFO 4584 [egg-schedule]: register schedule E:\nodejs\task-server\node_modules\egg-logrotator\app\schedule\rotate_by_file.js
2018-05-03 10:43:14,336 INFO 4584 [egg-mysql] connecting root@localhost:3306/social_practice_management
2018-05-03 10:43:14,423 INFO 4584 [egg-static] starting static serve /public/ -> E:\nodejs\task-server\app\public
2018-05-03 10:43:14,425 INFO 4584 [egg-security] use methodnoallow middleware
2018-05-03 10:43:14,425 INFO 4584 [egg-security] use noopen middleware
2018-05-03 10:43:14,426 INFO 4584 [egg-security] use nosniff middleware
2018-05-03 10:43:14,426 INFO 4584 [egg-security] use xssProtection middleware
2018-05-03 10:43:14,426 INFO 4584 [egg-security] use xframe middleware
2018-05-03 10:43:14,427 INFO 4584 [egg-security] use dta middleware
2018-05-03 10:43:14,427 INFO 4584 [egg-security] compose 6 middlewares into one security middleware
2018-05-03 10:43:14,446 INFO 4584 [egg-watcher:app] watcher start success
2018-05-03 10:43:14,451 INFO 4584 [egg-mysql] instance[0] status OK, rds currentTime: Thu May 03 2018 10:43:14 GMT+0800 (中国标准时间)
2018-05-03 11:35:50,940 INFO 12072 [egg:logger] init all loggers with options: {"dir":"E:\\nodejs\\task-server\\logs\\task-server","encoding":"utf8","env":"local","level":"INFO","consoleLevel":"INFO","disableConsoleAfterReady":false,"outputJSON":false,"buffer":true,"appLogName":"task-server-web.log","coreLogName":"egg-web.log","agentLogName":"egg-agent.log","errorLogName":"common-error.log","coreLogger":{"consoleLevel":"WARN"},"allowDebugAtProd":true,"type":"application"}
2018-05-03 11:35:50,976 INFO 12072 [egg-schedule]: register schedule E:\nodejs\task-server\node_modules\egg-logrotator\app\schedule\clean_log.js
2018-05-03 11:35:50,976 INFO 12072 [egg-schedule]: register schedule E:\nodejs\task-server\node_modules\egg-logrotator\app\schedule\rotate_by_file.js
2018-05-03 11:35:50,988 INFO 12072 [egg-mysql] connecting root@localhost:3306/social_practice_management
2018-05-03 11:35:51,081 INFO 12072 [egg-static] starting static serve /public/ -> E:\nodejs\task-server\app\public
2018-05-03 11:35:51,083 INFO 12072 [egg-security] use methodnoallow middleware
2018-05-03 11:35:51,084 INFO 12072 [egg-security] use noopen middleware
2018-05-03 11:35:51,084 INFO 12072 [egg-security] use nosniff middleware
2018-05-03 11:35:51,085 INFO 12072 [egg-security] use xssProtection middleware
2018-05-03 11:35:51,085 INFO 12072 [egg-security] use xframe middleware
2018-05-03 11:35:51,085 INFO 12072 [egg-security] use dta middleware
2018-05-03 11:35:51,085 INFO 12072 [egg-security] compose 6 middlewares into one security middleware
2018-05-03 11:35:51,109 INFO 12072 [egg-watcher:app] watcher start success
2018-05-03 11:35:51,113 INFO 12072 [egg-mysql] instance[0] status OK, rds currentTime: Thu May 03 2018 11:35:51 GMT+0800 (中国标准时间)
2018-05-03 16:30:16,250 INFO 11944 [egg:logger] init all loggers with options: {"dir":"E:\\nodejs\\task-server\\logs\\task-server","encoding":"utf8","env":"local","level":"INFO","consoleLevel":"INFO","disableConsoleAfterReady":false,"outputJSON":false,"buffer":true,"appLogName":"task-server-web.log","coreLogName":"egg-web.log","agentLogName":"egg-agent.log","errorLogName":"common-error.log","coreLogger":{"consoleLevel":"WARN"},"allowDebugAtProd":true,"type":"application"}
2018-05-03 16:30:16,364 INFO 11944 [egg-schedule]: register schedule E:\nodejs\task-server\node_modules\egg-logrotator\app\schedule\clean_log.js
2018-05-03 16:30:16,364 INFO 11944 [egg-schedule]: register schedule E:\nodejs\task-server\node_modules\egg-logrotator\app\schedule\rotate_by_file.js
2018-05-03 16:30:16,468 INFO 11944 [egg-mysql] connecting root@localhost:3306/social_practice_management
2018-05-03 16:30:16,877 INFO 11944 [egg-static] starting static serve /public/ -> E:\nodejs\task-server\app\public
2018-05-03 16:30:16,887 INFO 11944 [egg-security] use methodnoallow middleware
2018-05-03 16:30:16,887 INFO 11944 [egg-security] use noopen middleware
2018-05-03 16:30:16,888 INFO 11944 [egg-security] use nosniff middleware
2018-05-03 16:30:16,888 INFO 11944 [egg-security] use xssProtection middleware
2018-05-03 16:30:16,889 INFO 11944 [egg-security] use xframe middleware
2018-05-03 16:30:16,889 INFO 11944 [egg-security] use dta middleware
2018-05-03 16:30:16,889 INFO 11944 [egg-security] compose 6 middlewares into one security middleware
2018-05-03 16:30:16,921 INFO 11944 [egg-watcher:app] watcher start success
2018-05-03 16:30:16,927 INFO 11944 [egg-mysql] instance[0] status OK, rds currentTime: Thu May 03 2018 16:30:16 GMT+0800 (中国标准时间)
2018-05-03 16:30:19,980 INFO 7072 [egg:logger] init all loggers with options: {"dir":"E:\\nodejs\\task-server\\logs\\task-server","encoding":"utf8","env":"local","level":"INFO","consoleLevel":"INFO","disableConsoleAfterReady":false,"outputJSON":false,"buffer":true,"appLogName":"task-server-web.log","coreLogName":"egg-web.log","agentLogName":"egg-agent.log","errorLogName":"common-error.log","coreLogger":{"consoleLevel":"WARN"},"allowDebugAtProd":true,"type":"application"}
2018-05-03 16:30:20,021 INFO 7072 [egg-schedule]: register schedule E:\nodejs\task-server\node_modules\egg-logrotator\app\schedule\clean_log.js
2018-05-03 16:30:20,021 INFO 7072 [egg-schedule]: register schedule E:\nodejs\task-server\node_modules\egg-logrotator\app\schedule\rotate_by_file.js
2018-05-03 16:30:20,035 INFO 7072 [egg-mysql] connecting root@localhost:3306/social_practice_management
2018-05-03 16:30:20,134 INFO 7072 [egg-static] starting static serve /public/ -> E:\nodejs\task-server\app\public
2018-05-03 16:30:20,136 INFO 7072 [egg-security] use methodnoallow middleware
2018-05-03 16:30:20,137 INFO 7072 [egg-security] use noopen middleware
2018-05-03 16:30:20,137 INFO 7072 [egg-security] use nosniff middleware
2018-05-03 16:30:20,137 INFO 7072 [egg-security] use xssProtection middleware
2018-05-03 16:30:20,138 INFO 7072 [egg-security] use xframe middleware
2018-05-03 16:30:20,138 INFO 7072 [egg-security] use dta middleware
2018-05-03 16:30:20,138 INFO 7072 [egg-security] compose 6 middlewares into one security middleware
2018-05-03 16:30:20,158 INFO 7072 [egg-watcher:app] watcher start success
2018-05-03 16:30:20,163 INFO 7072 [egg-mysql] instance[0] status OK, rds currentTime: Thu May 03 2018 16:30:20 GMT+0800 (中国标准时间)
2018-05-03 16:30:21,362 INFO 5068 [egg:logger] init all loggers with options: {"dir":"E:\\nodejs\\task-server\\logs\\task-server","encoding":"utf8","env":"local","level":"INFO","consoleLevel":"INFO","disableConsoleAfterReady":false,"outputJSON":false,"buffer":true,"appLogName":"task-server-web.log","coreLogName":"egg-web.log","agentLogName":"egg-agent.log","errorLogName":"common-error.log","coreLogger":{"consoleLevel":"WARN"},"allowDebugAtProd":true,"type":"application"}
2018-05-03 16:30:21,399 INFO 5068 [egg-schedule]: register schedule E:\nodejs\task-server\node_modules\egg-logrotator\app\schedule\clean_log.js
2018-05-03 16:30:21,399 INFO 5068 [egg-schedule]: register schedule E:\nodejs\task-server\node_modules\egg-logrotator\app\schedule\rotate_by_file.js
2018-05-03 16:30:21,413 INFO 5068 [egg-mysql] connecting root@localhost:3306/social_practice_management
2018-05-03 16:30:21,506 INFO 5068 [egg-static] starting static serve /public/ -> E:\nodejs\task-server\app\public
2018-05-03 16:30:21,508 INFO 5068 [egg-security] use methodnoallow middleware
2018-05-03 16:30:21,509 INFO 5068 [egg-security] use noopen middleware
2018-05-03 16:30:21,509 INFO 5068 [egg-security] use nosniff middleware
2018-05-03 16:30:21,509 INFO 5068 [egg-security] use xssProtection middleware
2018-05-03 16:30:21,510 INFO 5068 [egg-security] use xframe middleware
2018-05-03 16:30:21,510 INFO 5068 [egg-security] use dta middleware
2018-05-03 16:30:21,510 INFO 5068 [egg-security] compose 6 middlewares into one security middleware
2018-05-03 16:30:21,529 INFO 5068 [egg-watcher:app] watcher start success
2018-05-03 16:30:21,534 INFO 5068 [egg-mysql] instance[0] status OK, rds currentTime: Thu May 03 2018 16:30:21 GMT+0800 (中国标准时间)
2018-05-03 16:30:31,961 INFO 17880 [egg:logger] init all loggers with options: {"dir":"E:\\nodejs\\task-server\\logs\\task-server","encoding":"utf8","env":"local","level":"INFO","consoleLevel":"INFO","disableConsoleAfterReady":false,"outputJSON":false,"buffer":true,"appLogName":"task-server-web.log","coreLogName":"egg-web.log","agentLogName":"egg-agent.log","errorLogName":"common-error.log","coreLogger":{"consoleLevel":"WARN"},"allowDebugAtProd":true,"type":"application"}
2018-05-03 16:30:31,998 INFO 17880 [egg-schedule]: register schedule E:\nodejs\task-server\node_modules\egg-logrotator\app\schedule\clean_log.js
2018-05-03 16:30:31,998 INFO 17880 [egg-schedule]: register schedule E:\nodejs\task-server\node_modules\egg-logrotator\app\schedule\rotate_by_file.js
2018-05-03 16:30:32,010 INFO 17880 [egg-mysql] connecting root@localhost:3306/social_practice_management
2018-05-03 16:30:32,099 INFO 17880 [egg-static] starting static serve /public/ -> E:\nodejs\task-server\app\public
2018-05-03 16:30:32,102 INFO 17880 [egg-security] use methodnoallow middleware
2018-05-03 16:30:32,102 INFO 17880 [egg-security] use noopen middleware
2018-05-03 16:30:32,102 INFO 17880 [egg-security] use nosniff middleware
2018-05-03 16:30:32,103 INFO 17880 [egg-security] use xssProtection middleware
2018-05-03 16:30:32,103 INFO 17880 [egg-security] use xframe middleware
2018-05-03 16:30:32,104 INFO 17880 [egg-security] use dta middleware
2018-05-03 16:30:32,104 INFO 17880 [egg-security] compose 6 middlewares into one security middleware
2018-05-03 16:30:32,124 INFO 17880 [egg-watcher:app] watcher start success
2018-05-03 16:30:32,129 INFO 17880 [egg-mysql] instance[0] status OK, rds currentTime: Thu May 03 2018 16:30:32 GMT+0800 (中国标准时间)
2018-05-03 16:31:04,549 INFO 17984 [egg:logger] init all loggers with options: {"dir":"E:\\nodejs\\task-server\\logs\\task-server","encoding":"utf8","env":"local","level":"INFO","consoleLevel":"INFO","disableConsoleAfterReady":false,"outputJSON":false,"buffer":true,"appLogName":"task-server-web.log","coreLogName":"egg-web.log","agentLogName":"egg-agent.log","errorLogName":"common-error.log","coreLogger":{"consoleLevel":"WARN"},"allowDebugAtProd":true,"type":"application"}
2018-05-03 16:31:04,590 INFO 17984 [egg-schedule]: register schedule E:\nodejs\task-server\node_modules\egg-logrotator\app\schedule\clean_log.js
2018-05-03 16:31:04,590 INFO 17984 [egg-schedule]: register schedule E:\nodejs\task-server\node_modules\egg-logrotator\app\schedule\rotate_by_file.js
2018-05-03 16:31:04,604 INFO 17984 [egg-mysql] connecting root@localhost:3306/social_practice_management
2018-05-03 16:31:04,703 INFO 17984 [egg-static] starting static serve /public/ -> E:\nodejs\task-server\app\public
2018-05-03 16:31:04,705 INFO 17984 [egg-security] use methodnoallow middleware
2018-05-03 16:31:04,706 INFO 17984 [egg-security] use noopen middleware
2018-05-03 16:31:04,706 INFO 17984 [egg-security] use nosniff middleware
2018-05-03 16:31:04,707 INFO 17984 [egg-security] use xssProtection middleware
2018-05-03 16:31:04,707 INFO 17984 [egg-security] use xframe middleware
2018-05-03 16:31:04,707 INFO 17984 [egg-security] use dta middleware
2018-05-03 16:31:04,707 INFO 17984 [egg-security] compose 6 middlewares into one security middleware
2018-05-03 16:31:04,734 INFO 17984 [egg-watcher:app] watcher start success
2018-05-03 16:31:04,739 INFO 17984 [egg-mysql] instance[0] status OK, rds currentTime: Thu May 03 2018 16:31:04 GMT+0800 (中国标准时间)
2018-05-03 16:32:29,668 INFO 5960 [egg:logger] init all loggers with options: {"dir":"E:\\nodejs\\task-server\\logs\\task-server","encoding":"utf8","env":"local","level":"INFO","consoleLevel":"INFO","disableConsoleAfterReady":false,"outputJSON":false,"buffer":true,"appLogName":"task-server-web.log","coreLogName":"egg-web.log","agentLogName":"egg-agent.log","errorLogName":"common-error.log","coreLogger":{"consoleLevel":"WARN"},"allowDebugAtProd":true,"type":"application"}
2018-05-03 16:32:29,742 INFO 5960 [egg-schedule]: register schedule E:\nodejs\task-server\node_modules\egg-logrotator\app\schedule\clean_log.js
2018-05-03 16:32:29,742 INFO 5960 [egg-schedule]: register schedule E:\nodejs\task-server\node_modules\egg-logrotator\app\schedule\rotate_by_file.js
2018-05-03 16:32:29,758 INFO 5960 [egg-mysql] connecting root@localhost:3306/social_practice_management
2018-05-03 16:32:29,848 INFO 5960 [egg-static] starting static serve /public/ -> E:\nodejs\task-server\app\public
2018-05-03 16:32:29,850 INFO 5960 [egg-security] use methodnoallow middleware
2018-05-03 16:32:29,851 INFO 5960 [egg-security] use noopen middleware
2018-05-03 16:32:29,851 INFO 5960 [egg-security] use nosniff middleware
2018-05-03 16:32:29,851 INFO 5960 [egg-security] use xssProtection middleware
2018-05-03 16:32:29,852 INFO 5960 [egg-security] use xframe middleware
2018-05-03 16:32:29,852 INFO 5960 [egg-security] use dta middleware
2018-05-03 16:32:29,852 INFO 5960 [egg-security] compose 6 middlewares into one security middleware
2018-05-03 16:32:29,873 INFO 5960 [egg-watcher:app] watcher start success
2018-05-03 16:32:29,878 INFO 5960 [egg-mysql] instance[0] status OK, rds currentTime: Thu May 03 2018 16:32:29 GMT+0800 (中国标准时间)
2018-05-03 16:33:58,231 INFO 9040 [egg:logger] init all loggers with options: {"dir":"E:\\nodejs\\task-server\\logs\\task-server","encoding":"utf8","env":"local","level":"INFO","consoleLevel":"INFO","disableConsoleAfterReady":false,"outputJSON":false,"buffer":true,"appLogName":"task-server-web.log","coreLogName":"egg-web.log","agentLogName":"egg-agent.log","errorLogName":"common-error.log","coreLogger":{"consoleLevel":"WARN"},"allowDebugAtProd":true,"type":"application"}
2018-05-03 16:33:58,267 INFO 9040 [egg-schedule]: register schedule E:\nodejs\task-server\node_modules\egg-logrotator\app\schedule\clean_log.js
2018-05-03 16:33:58,267 INFO 9040 [egg-schedule]: register schedule E:\nodejs\task-server\node_modules\egg-logrotator\app\schedule\rotate_by_file.js
2018-05-03 16:33:58,280 INFO 9040 [egg-mysql] connecting root@localhost:3306/social_practice_management
2018-05-03 16:33:58,371 INFO 9040 [egg-static] starting static serve /public/ -> E:\nodejs\task-server\app\public
2018-05-03 16:33:58,374 INFO 9040 [egg-security] use methodnoallow middleware
2018-05-03 16:33:58,375 INFO 9040 [egg-security] use noopen middleware
2018-05-03 16:33:58,375 INFO 9040 [egg-security] use nosniff middleware
2018-05-03 16:33:58,376 INFO 9040 [egg-security] use xssProtection middleware
2018-05-03 16:33:58,376 INFO 9040 [egg-security] use xframe middleware
2018-05-03 16:33:58,376 INFO 9040 [egg-security] use dta middleware
2018-05-03 16:33:58,376 INFO 9040 [egg-security] compose 6 middlewares into one security middleware
2018-05-03 16:33:58,399 INFO 9040 [egg-watcher:app] watcher start success
2018-05-03 16:33:58,405 INFO 9040 [egg-mysql] instance[0] status OK, rds currentTime: Thu May 03 2018 16:33:58 GMT+0800 (中国标准时间)
2018-05-03 16:34:12,669 INFO 12852 [egg:logger] init all loggers with options: {"dir":"E:\\nodejs\\task-server\\logs\\task-server","encoding":"utf8","env":"local","level":"INFO","consoleLevel":"INFO","disableConsoleAfterReady":false,"outputJSON":false,"buffer":true,"appLogName":"task-server-web.log","coreLogName":"egg-web.log","agentLogName":"egg-agent.log","errorLogName":"common-error.log","coreLogger":{"consoleLevel":"WARN"},"allowDebugAtProd":true,"type":"application"}
2018-05-03 16:34:12,708 INFO 12852 [egg-schedule]: register schedule E:\nodejs\task-server\node_modules\egg-logrotator\app\schedule\clean_log.js
2018-05-03 16:34:12,708 INFO 12852 [egg-schedule]: register schedule E:\nodejs\task-server\node_modules\egg-logrotator\app\schedule\rotate_by_file.js
2018-05-03 16:34:12,721 INFO 12852 [egg-mysql] connecting root@localhost:3306/social_practice_management
2018-05-03 16:34:12,816 INFO 12852 [egg-static] starting static serve /public/ -> E:\nodejs\task-server\app\public
2018-05-03 16:34:12,818 INFO 12852 [egg-security] use methodnoallow middleware
2018-05-03 16:34:12,818 INFO 12852 [egg-security] use noopen middleware
2018-05-03 16:34:12,819 INFO 12852 [egg-security] use nosniff middleware
2018-05-03 16:34:12,819 INFO 12852 [egg-security] use xssProtection middleware
2018-05-03 16:34:12,820 INFO 12852 [egg-security] use xframe middleware
2018-05-03 16:34:12,820 INFO 12852 [egg-security] use dta middleware
2018-05-03 16:34:12,820 INFO 12852 [egg-security] compose 6 middlewares into one security middleware
2018-05-03 16:34:12,842 INFO 12852 [egg-watcher:app] watcher start success
2018-05-03 16:34:12,847 INFO 12852 [egg-mysql] instance[0] status OK, rds currentTime: Thu May 03 2018 16:34:12 GMT+0800 (中国标准时间)
2018-05-03 17:43:35,660 INFO 17208 [egg:logger] init all loggers with options: {"dir":"E:\\nodejs\\task-server\\logs\\task-server","encoding":"utf8","env":"local","level":"INFO","consoleLevel":"INFO","disableConsoleAfterReady":false,"outputJSON":false,"buffer":true,"appLogName":"task-server-web.log","coreLogName":"egg-web.log","agentLogName":"egg-agent.log","errorLogName":"common-error.log","coreLogger":{"consoleLevel":"WARN"},"allowDebugAtProd":true,"type":"application"}
2018-05-03 17:43:35,712 INFO 17208 [egg-schedule]: register schedule E:\nodejs\task-server\node_modules\egg-logrotator\app\schedule\clean_log.js
2018-05-03 17:43:35,712 INFO 17208 [egg-schedule]: register schedule E:\nodejs\task-server\node_modules\egg-logrotator\app\schedule\rotate_by_file.js
2018-05-03 17:43:35,725 INFO 17208 [egg-mysql] connecting root@localhost:3306/social_practice_management
2018-05-03 17:43:36,180 INFO 17208 [egg-static] starting static serve /public/ -> E:\nodejs\task-server\app\public
2018-05-03 17:43:36,183 INFO 17208 [egg-security] use methodnoallow middleware
2018-05-03 17:43:36,184 INFO 17208 [egg-security] use noopen middleware
2018-05-03 17:43:36,185 INFO 17208 [egg-security] use nosniff middleware
2018-05-03 17:43:36,185 INFO 17208 [egg-security] use xssProtection middleware
2018-05-03 17:43:36,186 INFO 17208 [egg-security] use xframe middleware
2018-05-03 17:43:36,187 INFO 17208 [egg-security] use dta middleware
2018-05-03 17:43:36,187 INFO 17208 [egg-security] compose 6 middlewares into one security middleware
2018-05-03 17:43:36,259 INFO 17208 [egg-watcher:app] watcher start success
2018-05-03 17:43:36,267 INFO 17208 [egg-mysql] instance[0] status OK, rds currentTime: Thu May 03 2018 17:43:36 GMT+0800 (中国标准时间)
2018-05-03 17:46:47,839 INFO 17164 [egg:logger] init all loggers with options: {"dir":"E:\\nodejs\\task-server\\logs\\task-server","encoding":"utf8","env":"local","level":"INFO","consoleLevel":"INFO","disableConsoleAfterReady":false,"outputJSON":false,"buffer":true,"appLogName":"task-server-web.log","coreLogName":"egg-web.log","agentLogName":"egg-agent.log","errorLogName":"common-error.log","coreLogger":{"consoleLevel":"WARN"},"allowDebugAtProd":true,"type":"application"}
2018-05-03 17:46:47,876 INFO 17164 [egg-schedule]: register schedule E:\nodejs\task-server\node_modules\egg-logrotator\app\schedule\clean_log.js
2018-05-03 17:46:47,876 INFO 17164 [egg-schedule]: register schedule E:\nodejs\task-server\node_modules\egg-logrotator\app\schedule\rotate_by_file.js
2018-05-03 17:46:47,889 INFO 17164 [egg-mysql] connecting root@localhost:3306/social_practice_management
2018-05-03 17:46:47,980 INFO 17164 [egg-static] starting static serve /public/ -> E:\nodejs\task-server\app\public
2018-05-03 17:46:47,982 INFO 17164 [egg-security] use methodnoallow middleware
2018-05-03 17:46:47,983 INFO 17164 [egg-security] use noopen middleware
2018-05-03 17:46:47,983 INFO 17164 [egg-security] use nosniff middleware
2018-05-03 17:46:47,983 INFO 17164 [egg-security] use xssProtection middleware
2018-05-03 17:46:47,984 INFO 17164 [egg-security] use xframe middleware
2018-05-03 17:46:47,984 INFO 17164 [egg-security] use dta middleware
2018-05-03 17:46:47,984 INFO 17164 [egg-security] compose 6 middlewares into one security middleware
2018-05-03 17:46:48,012 INFO 17164 [egg-watcher:app] watcher start success
2018-05-03 17:46:48,013 INFO 17164 [egg-mysql] instance[0] status OK, rds currentTime: Thu May 03 2018 17:46:48 GMT+0800 (中国标准时间)
2018-05-03 18:29:51,499 INFO 12100 [egg:logger] init all loggers with options: {"dir":"E:\\nodejs\\task-server\\logs\\task-server","encoding":"utf8","env":"local","level":"INFO","consoleLevel":"INFO","disableConsoleAfterReady":false,"outputJSON":false,"buffer":true,"appLogName":"task-server-web.log","coreLogName":"egg-web.log","agentLogName":"egg-agent.log","errorLogName":"common-error.log","coreLogger":{"consoleLevel":"WARN"},"allowDebugAtProd":true,"type":"application"}
2018-05-03 18:29:51,534 INFO 12100 [egg-schedule]: register schedule E:\nodejs\task-server\node_modules\egg-logrotator\app\schedule\clean_log.js
2018-05-03 18:29:51,534 INFO 12100 [egg-schedule]: register schedule E:\nodejs\task-server\node_modules\egg-logrotator\app\schedule\rotate_by_file.js
2018-05-03 18:29:51,547 INFO 12100 [egg-mysql] connecting root@localhost:3306/social_practice_management
2018-05-03 18:29:51,639 INFO 12100 [egg-static] starting static serve /public/ -> E:\nodejs\task-server\app\public
2018-05-03 18:29:51,641 INFO 12100 [egg-security] use methodnoallow middleware
2018-05-03 18:29:51,641 INFO 12100 [egg-security] use noopen middleware
2018-05-03 18:29:51,641 INFO 12100 [egg-security] use nosniff middleware
2018-05-03 18:29:51,642 INFO 12100 [egg-security] use xssProtection middleware
2018-05-03 18:29:51,642 INFO 12100 [egg-security] use xframe middleware
2018-05-03 18:29:51,642 INFO 12100 [egg-security] use dta middleware
2018-05-03 18:29:51,642 INFO 12100 [egg-security] compose 6 middlewares into one security middleware
2018-05-03 18:29:51,668 INFO 12100 [egg-watcher:app] watcher start success
2018-05-03 18:29:51,672 INFO 12100 [egg-mysql] instance[0] status OK, rds currentTime: Thu May 03 2018 18:29:51 GMT+0800 (中国标准时间)
2018-05-03 18:30:42,968 INFO 3240 [egg:logger] init all loggers with options: {"dir":"E:\\nodejs\\task-server\\logs\\task-server","encoding":"utf8","env":"local","level":"INFO","consoleLevel":"INFO","disableConsoleAfterReady":false,"outputJSON":false,"buffer":true,"appLogName":"task-server-web.log","coreLogName":"egg-web.log","agentLogName":"egg-agent.log","errorLogName":"common-error.log","coreLogger":{"consoleLevel":"WARN"},"allowDebugAtProd":true,"type":"application"}
2018-05-03 18:30:43,006 INFO 3240 [egg-schedule]: register schedule E:\nodejs\task-server\node_modules\egg-logrotator\app\schedule\clean_log.js
2018-05-03 18:30:43,006 INFO 3240 [egg-schedule]: register schedule E:\nodejs\task-server\node_modules\egg-logrotator\app\schedule\rotate_by_file.js
2018-05-03 18:30:43,020 INFO 3240 [egg-mysql] connecting root@localhost:3306/social_practice_management
2018-05-03 18:30:43,112 INFO 3240 [egg-static] starting static serve /public/ -> E:\nodejs\task-server\app\public
2018-05-03 18:30:43,115 INFO 3240 [egg-security] use methodnoallow middleware
2018-05-03 18:30:43,116 INFO 3240 [egg-security] use noopen middleware
2018-05-03 18:30:43,116 INFO 3240 [egg-security] use nosniff middleware
2018-05-03 18:30:43,117 INFO 3240 [egg-security] use xssProtection middleware
2018-05-03 18:30:43,117 INFO 3240 [egg-security] use xframe middleware
2018-05-03 18:30:43,117 INFO 3240 [egg-security] use dta middleware
2018-05-03 18:30:43,117 INFO 3240 [egg-security] compose 6 middlewares into one security middleware
2018-05-03 18:30:43,143 INFO 3240 [egg-watcher:app] watcher start success
2018-05-03 18:30:43,150 INFO 3240 [egg-mysql] instance[0] status OK, rds currentTime: Thu May 03 2018 18:30:43 GMT+0800 (中国标准时间)
2018-05-03 18:31:02,965 INFO 11504 [egg:logger] init all loggers with options: {"dir":"E:\\nodejs\\task-server\\logs\\task-server","encoding":"utf8","env":"local","level":"INFO","consoleLevel":"INFO","disableConsoleAfterReady":false,"outputJSON":false,"buffer":true,"appLogName":"task-server-web.log","coreLogName":"egg-web.log","agentLogName":"egg-agent.log","errorLogName":"common-error.log","coreLogger":{"consoleLevel":"WARN"},"allowDebugAtProd":true,"type":"application"}
2018-05-03 18:31:03,023 INFO 11504 [egg-schedule]: register schedule E:\nodejs\task-server\node_modules\egg-logrotator\app\schedule\clean_log.js
2018-05-03 18:31:03,023 INFO 11504 [egg-schedule]: register schedule E:\nodejs\task-server\node_modules\egg-logrotator\app\schedule\rotate_by_file.js
2018-05-03 18:31:03,050 INFO 11504 [egg-mysql] connecting root@localhost:3306/social_practice_management
2018-05-03 18:31:03,140 INFO 11504 [egg-static] starting static serve /public/ -> E:\nodejs\task-server\app\public
2018-05-03 18:31:03,142 INFO 11504 [egg-security] use methodnoallow middleware
2018-05-03 18:31:03,142 INFO 11504 [egg-security] use noopen middleware
2018-05-03 18:31:03,143 INFO 11504 [egg-security] use nosniff middleware
2018-05-03 18:31:03,143 INFO 11504 [egg-security] use xssProtection middleware
2018-05-03 18:31:03,144 INFO 11504 [egg-security] use xframe middleware
2018-05-03 18:31:03,144 INFO 11504 [egg-security] use dta middleware
2018-05-03 18:31:03,144 INFO 11504 [egg-security] compose 6 middlewares into one security middleware
2018-05-03 18:31:03,168 INFO 11504 [egg-watcher:app] watcher start success
2018-05-03 18:31:03,170 INFO 11504 [egg-mysql] instance[0] status OK, rds currentTime: Thu May 03 2018 18:31:03 GMT+0800 (中国标准时间)
2018-05-03 18:32:25,115 INFO 532 [egg:logger] init all loggers with options: {"dir":"E:\\nodejs\\task-server\\logs\\task-server","encoding":"utf8","env":"local","level":"INFO","consoleLevel":"INFO","disableConsoleAfterReady":false,"outputJSON":false,"buffer":true,"appLogName":"task-server-web.log","coreLogName":"egg-web.log","agentLogName":"egg-agent.log","errorLogName":"common-error.log","coreLogger":{"consoleLevel":"WARN"},"allowDebugAtProd":true,"type":"application"}
2018-05-03 18:32:25,152 INFO 532 [egg-schedule]: register schedule E:\nodejs\task-server\node_modules\egg-logrotator\app\schedule\clean_log.js
2018-05-03 18:32:25,152 INFO 532 [egg-schedule]: register schedule E:\nodejs\task-server\node_modules\egg-logrotator\app\schedule\rotate_by_file.js
2018-05-03 18:32:25,166 INFO 532 [egg-mysql] connecting root@localhost:3306/social_practice_management
2018-05-03 18:32:25,272 INFO 532 [egg-static] starting static serve /public/ -> E:\nodejs\task-server\app\public
2018-05-03 18:32:25,274 INFO 532 [egg-security] use methodnoallow middleware
2018-05-03 18:32:25,275 INFO 532 [egg-security] use noopen middleware
2018-05-03 18:32:25,275 INFO 532 [egg-security] use nosniff middleware
2018-05-03 18:32:25,276 INFO 532 [egg-security] use xssProtection middleware
2018-05-03 18:32:25,276 INFO 532 [egg-security] use xframe middleware
2018-05-03 18:32:25,276 INFO 532 [egg-security] use dta middleware
2018-05-03 18:32:25,276 INFO 532 [egg-security] compose 6 middlewares into one security middleware
2018-05-03 18:32:25,297 INFO 532 [egg-watcher:app] watcher start success
2018-05-03 18:32:25,301 INFO 532 [egg-mysql] instance[0] status OK, rds currentTime: Thu May 03 2018 18:32:25 GMT+0800 (中国标准时间)
2018-05-03 18:32:49,768 INFO 14808 [egg:logger] init all loggers with options: {"dir":"E:\\nodejs\\task-server\\logs\\task-server","encoding":"utf8","env":"local","level":"INFO","consoleLevel":"INFO","disableConsoleAfterReady":false,"outputJSON":false,"buffer":true,"appLogName":"task-server-web.log","coreLogName":"egg-web.log","agentLogName":"egg-agent.log","errorLogName":"common-error.log","coreLogger":{"consoleLevel":"WARN"},"allowDebugAtProd":true,"type":"application"}
2018-05-03 18:32:49,806 INFO 14808 [egg-schedule]: register schedule E:\nodejs\task-server\node_modules\egg-logrotator\app\schedule\clean_log.js
2018-05-03 18:32:49,806 INFO 14808 [egg-schedule]: register schedule E:\nodejs\task-server\node_modules\egg-logrotator\app\schedule\rotate_by_file.js
2018-05-03 18:32:49,820 INFO 14808 [egg-mysql] connecting root@localhost:3306/social_practice_management
2018-05-03 18:32:49,913 INFO 14808 [egg-static] starting static serve /public/ -> E:\nodejs\task-server\app\public
2018-05-03 18:32:49,915 INFO 14808 [egg-security] use methodnoallow middleware
2018-05-03 18:32:49,916 INFO 14808 [egg-security] use noopen middleware
2018-05-03 18:32:49,916 INFO 14808 [egg-security] use nosniff middleware
2018-05-03 18:32:49,917 INFO 14808 [egg-security] use xssProtection middleware
2018-05-03 18:32:49,917 INFO 14808 [egg-security] use xframe middleware
2018-05-03 18:32:49,918 INFO 14808 [egg-security] use dta middleware
2018-05-03 18:32:49,918 INFO 14808 [egg-security] compose 6 middlewares into one security middleware
2018-05-03 18:32:49,940 INFO 14808 [egg-watcher:app] watcher start success
2018-05-03 18:32:49,944 INFO 14808 [egg-mysql] instance[0] status OK, rds currentTime: Thu May 03 2018 18:32:49 GMT+0800 (中国标准时间)
